<?xml version="1.0" encoding="UTF-8"?>
<!-- Generated by org.testng.reporters.JUnitReportReporter -->
<testsuite hostname="USER-PC" failures="0" tests="3" name="Test.LoginTest" time="299.147" errors="0" timestamp="2022-12-01T23:46:46 IST" skipped="0">
  <testcase classname="Test.LoginTest" name="LoginValidation" time="100.694"/>
  <system-out/>
  <testcase classname="Test.LoginTest" name="LoginValidation" time="92.632"/>
  <system-out/>
  <testcase classname="Test.LoginTest" name="LoginValidation" time="105.821"/>
  <system-out/>
</testsuite> <!-- Test.LoginTest -->
